\BOOKMARK [0][-]{chapter.1}{\376\377\000I\000n\000t\000e\000n\000d\000e\000d\000\040\000U\000s\000e}{}% 1
\BOOKMARK [0][-]{chapter.2}{\376\377\000I\000n\000t\000e\000r\000a\000c\000t\000i\000o\000n\000\040\000o\000f\000\040\000u\000l\000t\000r\000a\000s\000o\000u\000n\000d}{}% 2
\BOOKMARK [1][-]{section.2.1}{\376\377\000P\000h\000e\000n\000o\000m\000e\000n\000a\000\040\000a\000c\000c\000o\000m\000p\000a\000n\000y\000i\000n\000g\000\040\000t\000h\000e\000\040\000u\000l\000t\000r\000a\000s\000o\000u\000n\000d\000\040\000w\000a\000v\000e}{chapter.2}% 3
\BOOKMARK [0][-]{chapter.3}{\376\377\000U\000n\000b\000o\000x\000i\000n\000g\000\040\000a\000n\000d\000\040\000s\000e\000t\000t\000i\000n\000g\000-\000u\000p\000\040\000t\000h\000e\000\040\000d\000e\000v\000i\000c\000e}{}% 4
\BOOKMARK [1][-]{section.3.1}{\376\377\000P\000r\000o\000b\000e\000\040\000A\000d\000a\000p\000t\000e\000r\000s}{chapter.3}% 5
\BOOKMARK [0][-]{chapter.4}{\376\377\000P\000o\000w\000e\000r\000\040\000s\000u\000p\000p\000l\000y\000\040\000c\000o\000n\000n\000e\000c\000t\000i\000o\000n}{}% 6
\BOOKMARK [0][-]{chapter.5}{\376\377\000S\000y\000s\000t\000e\000m\000\040\000s\000e\000t\000u\000p}{}% 7
\BOOKMARK [1][-]{section.5.1}{\376\377\000P\000o\000w\000e\000r\000\040\000s\000w\000i\000t\000c\000h\000,\000\040\000c\000a\000b\000l\000e\000s\000\040\000a\000n\000d\000\040\000O\000N\000/\000O\000F\000F\000\040\000b\000u\000t\000t\000o\000n}{chapter.5}% 8
\BOOKMARK [1][-]{section.5.2}{\376\377\000F\000i\000r\000s\000t\000\040\000u\000s\000e}{chapter.5}% 9
\BOOKMARK [0][-]{chapter.6}{\376\377\000D\000e\000s\000c\000r\000i\000p\000t\000i\000o\000n\000\040\000a\000n\000d\000\040\000g\000e\000n\000e\000r\000a\000l\000\040\000r\000u\000l\000e\000s\000\040\000o\000f\000\040\000u\000s\000e}{}% 10
\BOOKMARK [1][-]{section.6.1}{\376\377\000I\000n\000p\000u\000t\000s\000\040\000a\000n\000d\000\040\000o\000u\000t\000p\000u\000t\000s}{chapter.6}% 11
\BOOKMARK [1][-]{section.6.2}{\376\377\000C\000o\000n\000n\000e\000c\000t\000i\000n\000g\000\040\000u\000l\000t\000r\000a\000s\000o\000u\000n\000d\000\040\000p\000r\000o\000b\000e\000s}{chapter.6}% 12
\BOOKMARK [1][-]{section.6.3}{\376\377\000P\000C\000I\000e\000\040\000p\000o\000r\000t\000s}{chapter.6}% 13
\BOOKMARK [2][-]{subsection.6.3.1}{\376\377\000C\000o\000n\000n\000e\000c\000t\000i\000n\000g\000\040\000t\000h\000e\000\040\000P\000C\000I\000e\000\040\000c\000a\000b\000l\000e\000s}{section.6.3}% 14
\BOOKMARK [2][-]{subsection.6.3.2}{\376\377\000C\000o\000n\000n\000e\000c\000t\000i\000n\000g\000\040\000h\000o\000s\000t\000\040\000P\000C\000\040\000\046\000\040\000d\000i\000s\000p\000l\000a\000y}{section.6.3}% 15
\BOOKMARK [1][-]{section.6.4}{\376\377\000I\000/\000O\000\040\000p\000o\000r\000t\000s}{chapter.6}% 16
\BOOKMARK [1][-]{section.6.5}{\376\377\000S\000e\000t\000t\000i\000n\000g\000\040\000H\000i\000g\000h\000-\000V\000o\000l\000t\000a\000g\000e\000\040\000\050\000H\000V\000\051\000\040\000s\000u\000p\000p\000l\000y\000\040\000f\000o\000r\000\040\000t\000h\000e\000\040\000t\000r\000a\000n\000s\000m\000i\000t\000t\000e\000r\000s}{chapter.6}% 17
\BOOKMARK [1][-]{section.6.6}{\376\377\000C\000l\000e\000a\000n\000i\000n\000g\000\040\000a\000n\000d\000\040\000m\000a\000i\000n\000t\000e\000n\000a\000n\000c\000e\000\040\000o\000f\000\040\000t\000h\000e\000\040\000d\000e\000v\000i\000c\000e}{chapter.6}% 18
\BOOKMARK [0][-]{chapter.7}{\376\377\000S\000o\000f\000t\000w\000a\000r\000e}{}% 19
\BOOKMARK [1][-]{section.7.1}{\376\377\000F\000i\000r\000m\000w\000a\000r\000e\000\040\000u\000p\000d\000a\000t\000e}{chapter.7}% 20
\BOOKMARK [0][-]{chapter.8}{\376\377\000M\000a\000n\000u\000f\000a\000c\000t\000u\000r\000e\000r\000\040\000g\000u\000i\000d\000e\000l\000i\000n\000e\000s\000\040\000a\000n\000d\000\040\000c\000o\000n\000d\000i\000t\000i\000o\000n\000s\000\040\000o\000f\000\040\000u\000s\000e}{}% 21
\BOOKMARK [1][-]{section.8.1}{\376\377\000C\000o\000n\000d\000i\000t\000i\000o\000n\000s\000\040\000o\000f\000\040\000s\000t\000o\000r\000a\000g\000e\000\040\000a\000n\000d\000\040\000t\000r\000a\000n\000s\000p\000o\000r\000t}{chapter.8}% 22
\BOOKMARK [1][-]{section.8.2}{\376\377\000E\000n\000v\000i\000r\000o\000n\000m\000e\000n\000t\000a\000l\000\040\000c\000o\000n\000d\000i\000t\000i\000o\000n\000s}{chapter.8}% 23
\BOOKMARK [1][-]{section.8.3}{\376\377\000M\000a\000n\000u\000f\000a\000c\000t\000u\000r\000e\000r\000\040\000E\000M\000C\000\040\000r\000e\000c\000o\000m\000m\000e\000n\000d\000a\000t\000i\000o\000n\000s}{chapter.8}% 24
\BOOKMARK [1][-]{section.8.4}{\376\377\000O\000t\000h\000e\000r\000\040\000c\000o\000n\000d\000i\000t\000i\000o\000n\000s\000\040\000a\000n\000d\000\040\000r\000e\000c\000o\000m\000m\000e\000n\000d\000a\000t\000i\000o\000n\000s}{chapter.8}% 25
\BOOKMARK [0][-]{chapter.9}{\376\377\000T\000e\000c\000h\000n\000i\000c\000a\000l\000\040\000s\000p\000e\000c\000i\000f\000i\000c\000a\000t\000i\000o\000n}{}% 26
\BOOKMARK [1][-]{section.9.1}{\376\377\000T\000e\000c\000h\000n\000i\000c\000a\000l\000\040\000d\000a\000t\000a}{chapter.9}% 27
\BOOKMARK [1][-]{section.9.2}{\376\377\000B\000a\000s\000i\000c\000\040\000C\000o\000m\000p\000o\000s\000i\000t\000i\000o\000n}{chapter.9}% 28
\BOOKMARK [1][-]{section.9.3}{\376\377\000D\000e\000t\000a\000i\000l\000e\000d\000\040\000s\000p\000e\000c\000i\000f\000i\000c\000a\000t\000i\000o\000n}{chapter.9}% 29
\BOOKMARK [0][-]{chapter.10}{\376\377\000L\000e\000g\000e\000n\000d\000\040\000o\000f\000\040\000s\000y\000m\000b\000o\000l\000s}{}% 30
\BOOKMARK [0][-]{chapter.11}{\376\377\000C\000u\000r\000r\000e\000n\000t\000\040\000s\000y\000s\000t\000e\000m\000\040\000l\000i\000m\000i\000t\000a\000t\000i\000o\000n\000s}{}% 31
\BOOKMARK [0][-]{chapter.12}{\376\377\000V\000e\000r\000s\000i\000o\000n\000\040\000h\000i\000s\000t\000o\000r\000y}{}% 32
